sq_err:
TensorShape([1, 20, 5])
[[[0.0266461205 0 0 0 0]
  [0.0250263661 0 0 0 0]
  [0.0235633124 0 0 0 0]
  [0.0219885912 0 0 0 0]
  [0.0222666319 0 0 0 0]
  [0.0214077849 0 0 0 0]
  [0.0207984522 0 0 0 0]
  [0.0198687613 0 0 0 0]
  [0.0181090422 0 0 0 0]
  [0.0167408194 0 0 0 0]
  [0.0163347181 0 0 0 0]
  [0.0144064389 0 0 0 0]
  [0.0020777185 0 0 0 0]
  [0.00150365056 0 0 0 0]
  [0.00159752613 0 0 0 0]
  [0.010748229 0 0 0 0]
  [0.0101610413 0 0 0 0]
  [0.0104116006 0 0 0 0]
  [0.00131524866 0 0 0 0]
  [0.00108276878 0 0 0 0]]]
sq_err_sum:
TensorShape([1, 20])
[[0.0266461205 0.0250263661 0.0235633124 0.0219885912 0.0222666319 0.0214077849 0.0207984522 0.0198687613 0.0181090422 0.0167408194 0.0163347181 0.0144064389 0.0020777185 0.00150365056 0.00159752613 0.010748229 0.0101610413 0.0104116006 0.00131524866 0.00108276878]]
mask:
TensorShape([1, 5])
[[1 0 0 0 0]]
n_valid: [1]
per_batch_loss
TensorShape([1, 20])
[[0.0266461205 0.0250263661 0.0235633124 0.0219885912 0.0222666319 0.0214077849 0.0207984522 0.0198687613 0.0181090422 0.0167408194 0.0163347181 0.0144064389 0.0020777185 0.00150365056 0.00159752613 0.010748229 0.0101610413 0.0104116006 0.00131524866 0.00108276878]]
